2026-05-15 19:53:58.116: [INFO] VisibilityChanged: 0
2026-05-15 19:53:58.164: [INFO] RecordSyncInitDuration has_sync_been_enabled: 0 state: 0
2026-05-15 19:53:58.166: [INFO] RecordSyncInitDuration has_sync_been_enabled: 0 state: 0
2026-05-15 19:53:58.169: [INFO] RecordSyncInitDuration has_sync_been_enabled: 0 state: 0
2026-05-15 19:53:58.171: [INFO] RecordSyncInitDuration has_sync_been_enabled: 0 state: 0
2026-05-15 19:53:58.174: [INFO] RecordSyncInitDuration has_sync_been_enabled: 0 state: 0
2026-05-15 19:53:58.177: [INFO] RecordSyncInitDuration has_sync_been_enabled: 0 state: 0
2026-05-15 19:53:58.180: [INFO] RecordSyncInitDuration has_sync_been_enabled: 0 state: 0
2026-05-15 19:53:58.183: [INFO] RecordSyncInitDuration has_sync_been_enabled: 0 state: 0
2026-05-15 19:53:58.186: [INFO] RecordSyncInitDuration has_sync_been_enabled: 0 state: 0
2026-05-15 19:53:58.189: [INFO] RecordSyncInitDuration has_sync_been_enabled: 0 state: 0
2026-05-15 19:53:58.191: [INFO] RecordSyncInitDuration has_sync_been_enabled: 0 state: 0
2026-05-15 19:53:58.194: [INFO] RecordSyncInitDuration has_sync_been_enabled: 0 state: 0
2026-05-15 19:53:58.225: [INFO] BookmarkNodeAdded, ABU: 0
2026-05-15 19:53:58.226: [INFO] BookmarkNodeAdded, ABU: 0
2026-05-15 19:53:58.226: [INFO] BookmarkModelLoaded, ids_reassigned: 0
2026-05-15 19:53:58.226: [INFO] OnDoneLoading sync enabled: 0
2026-05-15 19:53:58.343: [INFO] RecordSyncInitDuration has_sync_been_enabled: 0 state: 0
2026-05-15 19:54:01.113: [INFO] BookmarkNodeAdded, ABU: 0
2026-05-15 19:54:01.117: [INFO] BookmarkNodeAdded, ABU: 0
2026-05-15 19:54:01.120: [INFO] BookmarkNodeAdded, ABU: 0
2026-05-15 19:54:01.121: [INFO] BookmarkNodeAdded, ABU: 0
2026-05-15 19:54:01.121: [INFO] BookmarkNodeAdded, ABU: 0
2026-05-15 19:54:01.122: [INFO] BookmarkNodeAdded, ABU: 0
2026-05-15 19:54:01.124: [INFO] BookmarkNodeAdded, ABU: 0
